  [1m[36m (1.7ms)[0m  [1mCREATE TABLE "schema_migrations" ("version" varchar NOT NULL) [0m
  [1m[35m (0.1ms)[0m  select sqlite_version(*)
  [1m[36m (1.6ms)[0m  [1mCREATE UNIQUE INDEX "unique_schema_migrations" ON "schema_migrations" ("version")[0m
  [1m[35mActiveRecord::SchemaMigration Load (0.1ms)[0m  SELECT "schema_migrations".* FROM "schema_migrations"


Started GET "/" for ::1 at 2015-11-17 17:47:54 -0600
Processing by Rails::WelcomeController#index as HTML
  Rendered /Users/admin/.rvm/gems/ruby-2.1.2/gems/railties-4.2.3/lib/rails/templates/rails/welcome/index.html.erb (2.8ms)
Completed 200 OK in 27ms (Views: 19.4ms | ActiveRecord: 0.0ms)
  [1m[36mActiveRecord::SchemaMigration Load (0.1ms)[0m  [1mSELECT "schema_migrations".* FROM "schema_migrations"[0m
Migrating to CreateStudents (1)
  [1m[35m (0.1ms)[0m  begin transaction
  [1m[36m (0.4ms)[0m  [1mCREATE TABLE "students" ("id" INTEGER PRIMARY KEY AUTOINCREMENT NOT NULL, "first_name" varchar, "last_name" varchar, "created_at" datetime NOT NULL, "updated_at" datetime NOT NULL) [0m
  [1m[35mSQL (0.3ms)[0m  INSERT INTO "schema_migrations" ("version") VALUES (?)  [["version", "1"]]
  [1m[36m (1.4ms)[0m  [1mcommit transaction[0m
  [1m[35mActiveRecord::SchemaMigration Load (0.1ms)[0m  SELECT "schema_migrations".* FROM "schema_migrations"
  [1m[36m (0.1ms)[0m  [1mbegin transaction[0m
  [1m[35mSQL (0.3ms)[0m  INSERT INTO "students" ("first_name", "last_name", "created_at", "updated_at") VALUES (?, ?, ?, ?)  [["first_name", "Jordan"], ["last_name", "Hudgens"], ["created_at", "2015-11-18 00:10:55.545365"], ["updated_at", "2015-11-18 00:10:55.545365"]]
  [1m[36m (2.9ms)[0m  [1mcommit transaction[0m
  [1m[35mStudent Load (0.2ms)[0m  SELECT  "students".* FROM "students"  ORDER BY "students"."id" DESC LIMIT 1
  [1m[36m (0.1ms)[0m  [1mbegin transaction[0m
  [1m[35mSQL (0.3ms)[0m  INSERT INTO "students" ("created_at", "updated_at") VALUES (?, ?)  [["created_at", "2015-11-18 00:17:49.095449"], ["updated_at", "2015-11-18 00:17:49.095449"]]
  [1m[36m (1.2ms)[0m  [1mcommit transaction[0m
  [1m[35mStudent Load (0.2ms)[0m  SELECT  "students".* FROM "students"  ORDER BY "students"."id" DESC LIMIT 1
  [1m[36mActiveRecord::SchemaMigration Load (0.1ms)[0m  [1mSELECT "schema_migrations".* FROM "schema_migrations"[0m
  [1m[35mActiveRecord::SchemaMigration Load (0.1ms)[0m  SELECT "schema_migrations".* FROM "schema_migrations"


Started GET "/" for ::1 at 2015-11-18 13:36:42 -0600
  [1m[36mActiveRecord::SchemaMigration Load (0.1ms)[0m  [1mSELECT "schema_migrations".* FROM "schema_migrations"[0m
Processing by Rails::WelcomeController#index as HTML
  Rendered /Users/admin/.rvm/gems/ruby-2.1.2/gems/railties-4.2.3/lib/rails/templates/rails/welcome/index.html.erb (2.4ms)
Completed 200 OK in 39ms (Views: 24.5ms | ActiveRecord: 0.0ms)


Started GET "/" for ::1 at 2015-11-18 13:37:10 -0600
Processing by Rails::WelcomeController#index as HTML
  Rendered /Users/admin/.rvm/gems/ruby-2.1.2/gems/railties-4.2.3/lib/rails/templates/rails/welcome/index.html.erb (0.0ms)
Completed 200 OK in 1ms (Views: 0.7ms | ActiveRecord: 0.0ms)
  [1m[36mActiveRecord::SchemaMigration Load (0.1ms)[0m  [1mSELECT "schema_migrations".* FROM "schema_migrations"[0m
Migrating to CreateSchoolClasses (20161023222844)
  [1m[35m (0.1ms)[0m  begin transaction
  [1m[36m (0.5ms)[0m  [1mCREATE TABLE "school_classes" ("id" INTEGER PRIMARY KEY AUTOINCREMENT NOT NULL, "title" varchar, "room_number" integer) [0m
  [1m[35mSQL (0.3ms)[0m  INSERT INTO "schema_migrations" ("version") VALUES (?)  [["version", "20161023222844"]]
  [1m[36m (6.5ms)[0m  [1mcommit transaction[0m
  [1m[35mActiveRecord::SchemaMigration Load (0.1ms)[0m  SELECT "schema_migrations".* FROM "schema_migrations"


Started GET "/" for ::1 at 2016-10-23 18:38:03 -0400
  [1m[36mActiveRecord::SchemaMigration Load (0.1ms)[0m  [1mSELECT "schema_migrations".* FROM "schema_migrations"[0m
Processing by Rails::WelcomeController#index as HTML
  Rendered /Users/nick-scaglione/.rvm/gems/ruby-2.3.0/gems/railties-4.2.3/lib/rails/templates/rails/welcome/index.html.erb (2.1ms)
Completed 200 OK in 23ms (Views: 12.0ms | ActiveRecord: 0.0ms)


Started GET "/students" for ::1 at 2016-10-23 18:38:07 -0400
Processing by StudentsController#index as HTML
  [1m[35mStudent Load (0.2ms)[0m  SELECT "students".* FROM "students"
  Rendered students/index.html.erb within layouts/application (16.1ms)
Completed 500 Internal Server Error in 24ms (ActiveRecord: 0.5ms)

ActionView::Template::Error (undefined method `name' for #<Student:0x007f8cd3967cf8>):
    1: <% @students.each do |student| %>
    2:   <li><%= student.name %> </li>
    3: <% end %>
  app/views/students/index.html.erb:2:in `block in _app_views_students_index_html_erb__4152588266440372659_70121437777800'
  app/views/students/index.html.erb:1:in `_app_views_students_index_html_erb__4152588266440372659_70121437777800'


  Rendered /Users/nick-scaglione/.rvm/gems/ruby-2.3.0/gems/actionpack-4.2.3/lib/action_dispatch/middleware/templates/rescues/_source.erb (7.5ms)
  Rendered /Users/nick-scaglione/.rvm/gems/ruby-2.3.0/gems/actionpack-4.2.3/lib/action_dispatch/middleware/templates/rescues/_trace.html.erb (2.5ms)
  Rendered /Users/nick-scaglione/.rvm/gems/ruby-2.3.0/gems/actionpack-4.2.3/lib/action_dispatch/middleware/templates/rescues/_request_and_response.html.erb (1.4ms)
  Rendered /Users/nick-scaglione/.rvm/gems/ruby-2.3.0/gems/actionpack-4.2.3/lib/action_dispatch/middleware/templates/rescues/template_error.html.erb within rescues/layout (76.1ms)
  Rendered /Users/nick-scaglione/.rvm/gems/ruby-2.3.0/gems/web-console-2.2.1/lib/web_console/templates/_markup.html.erb (0.5ms)
  Rendered /Users/nick-scaglione/.rvm/gems/ruby-2.3.0/gems/web-console-2.2.1/lib/web_console/templates/_inner_console_markup.html.erb within layouts/inlined_string (0.5ms)
  Rendered /Users/nick-scaglione/.rvm/gems/ruby-2.3.0/gems/web-console-2.2.1/lib/web_console/templates/_prompt_box_markup.html.erb within layouts/inlined_string (0.3ms)
  Rendered /Users/nick-scaglione/.rvm/gems/ruby-2.3.0/gems/web-console-2.2.1/lib/web_console/templates/style.css.erb within layouts/inlined_string (0.3ms)
  Rendered /Users/nick-scaglione/.rvm/gems/ruby-2.3.0/gems/web-console-2.2.1/lib/web_console/templates/console.js.erb within layouts/javascript (62.4ms)
  Rendered /Users/nick-scaglione/.rvm/gems/ruby-2.3.0/gems/web-console-2.2.1/lib/web_console/templates/main.js.erb within layouts/javascript (0.5ms)
  Rendered /Users/nick-scaglione/.rvm/gems/ruby-2.3.0/gems/web-console-2.2.1/lib/web_console/templates/error_page.js.erb within layouts/javascript (0.5ms)
  Rendered /Users/nick-scaglione/.rvm/gems/ruby-2.3.0/gems/web-console-2.2.1/lib/web_console/templates/index.html.erb (141.8ms)


Started GET "/students" for ::1 at 2016-10-23 18:38:21 -0400
Processing by StudentsController#index as HTML
  [1m[36mStudent Load (0.2ms)[0m  [1mSELECT "students".* FROM "students"[0m
  Rendered students/index.html.erb within layouts/application (6.8ms)
Completed 500 Internal Server Error in 12ms (ActiveRecord: 0.2ms)

ActionView::Template::Error (undefined method `name' for #<Student:0x007f8cd42ecee0>):
    1: <% @students.each do |student| %>
    2:   <li><%= student.name %> </li>
    3: <% end %>
  app/views/students/index.html.erb:2:in `block in _app_views_students_index_html_erb__4152588266440372659_70121437777800'
  app/views/students/index.html.erb:1:in `_app_views_students_index_html_erb__4152588266440372659_70121437777800'


  Rendered /Users/nick-scaglione/.rvm/gems/ruby-2.3.0/gems/actionpack-4.2.3/lib/action_dispatch/middleware/templates/rescues/_source.erb (5.3ms)
  Rendered /Users/nick-scaglione/.rvm/gems/ruby-2.3.0/gems/actionpack-4.2.3/lib/action_dispatch/middleware/templates/rescues/_trace.html.erb (2.3ms)
  Rendered /Users/nick-scaglione/.rvm/gems/ruby-2.3.0/gems/actionpack-4.2.3/lib/action_dispatch/middleware/templates/rescues/_request_and_response.html.erb (0.9ms)
  Rendered /Users/nick-scaglione/.rvm/gems/ruby-2.3.0/gems/actionpack-4.2.3/lib/action_dispatch/middleware/templates/rescues/template_error.html.erb within rescues/layout (56.7ms)
  Rendered /Users/nick-scaglione/.rvm/gems/ruby-2.3.0/gems/web-console-2.2.1/lib/web_console/templates/_markup.html.erb (0.4ms)
  Rendered /Users/nick-scaglione/.rvm/gems/ruby-2.3.0/gems/web-console-2.2.1/lib/web_console/templates/_inner_console_markup.html.erb within layouts/inlined_string (0.3ms)
  Rendered /Users/nick-scaglione/.rvm/gems/ruby-2.3.0/gems/web-console-2.2.1/lib/web_console/templates/_prompt_box_markup.html.erb within layouts/inlined_string (0.3ms)
  Rendered /Users/nick-scaglione/.rvm/gems/ruby-2.3.0/gems/web-console-2.2.1/lib/web_console/templates/style.css.erb within layouts/inlined_string (0.4ms)
  Rendered /Users/nick-scaglione/.rvm/gems/ruby-2.3.0/gems/web-console-2.2.1/lib/web_console/templates/console.js.erb within layouts/javascript (48.3ms)
  Rendered /Users/nick-scaglione/.rvm/gems/ruby-2.3.0/gems/web-console-2.2.1/lib/web_console/templates/main.js.erb within layouts/javascript (0.3ms)
  Rendered /Users/nick-scaglione/.rvm/gems/ruby-2.3.0/gems/web-console-2.2.1/lib/web_console/templates/error_page.js.erb within layouts/javascript (0.8ms)
  Rendered /Users/nick-scaglione/.rvm/gems/ruby-2.3.0/gems/web-console-2.2.1/lib/web_console/templates/index.html.erb (104.7ms)


Started GET "/students" for ::1 at 2016-10-23 18:38:41 -0400
Processing by StudentsController#index as HTML
  [1m[35mStudent Load (0.1ms)[0m  SELECT "students".* FROM "students"
  Rendered students/index.html.erb within layouts/application (3.8ms)
Completed 500 Internal Server Error in 8ms (ActiveRecord: 0.1ms)

ActionView::Template::Error (undefined method `+' for nil:NilClass):
    1: <% @students.each do |student| %>
    2:   <li><%= student.to_s %> </li>
    3: <% end %>
  app/models/student.rb:3:in `to_s'
  app/views/students/index.html.erb:2:in `block in _app_views_students_index_html_erb__4152588266440372659_70121456993740'
  app/views/students/index.html.erb:1:in `_app_views_students_index_html_erb__4152588266440372659_70121456993740'


  Rendered /Users/nick-scaglione/.rvm/gems/ruby-2.3.0/gems/actionpack-4.2.3/lib/action_dispatch/middleware/templates/rescues/_source.erb (8.4ms)
  Rendered /Users/nick-scaglione/.rvm/gems/ruby-2.3.0/gems/actionpack-4.2.3/lib/action_dispatch/middleware/templates/rescues/_trace.html.erb (4.0ms)
  Rendered /Users/nick-scaglione/.rvm/gems/ruby-2.3.0/gems/actionpack-4.2.3/lib/action_dispatch/middleware/templates/rescues/_request_and_response.html.erb (1.9ms)
  Rendered /Users/nick-scaglione/.rvm/gems/ruby-2.3.0/gems/actionpack-4.2.3/lib/action_dispatch/middleware/templates/rescues/template_error.html.erb within rescues/layout (65.0ms)
  Rendered /Users/nick-scaglione/.rvm/gems/ruby-2.3.0/gems/web-console-2.2.1/lib/web_console/templates/_markup.html.erb (0.4ms)
  Rendered /Users/nick-scaglione/.rvm/gems/ruby-2.3.0/gems/web-console-2.2.1/lib/web_console/templates/_inner_console_markup.html.erb within layouts/inlined_string (0.4ms)
  Rendered /Users/nick-scaglione/.rvm/gems/ruby-2.3.0/gems/web-console-2.2.1/lib/web_console/templates/_prompt_box_markup.html.erb within layouts/inlined_string (0.5ms)
  Rendered /Users/nick-scaglione/.rvm/gems/ruby-2.3.0/gems/web-console-2.2.1/lib/web_console/templates/style.css.erb within layouts/inlined_string (0.3ms)
  Rendered /Users/nick-scaglione/.rvm/gems/ruby-2.3.0/gems/web-console-2.2.1/lib/web_console/templates/console.js.erb within layouts/javascript (49.8ms)
  Rendered /Users/nick-scaglione/.rvm/gems/ruby-2.3.0/gems/web-console-2.2.1/lib/web_console/templates/main.js.erb within layouts/javascript (0.5ms)
  Rendered /Users/nick-scaglione/.rvm/gems/ruby-2.3.0/gems/web-console-2.2.1/lib/web_console/templates/error_page.js.erb within layouts/javascript (0.5ms)
  Rendered /Users/nick-scaglione/.rvm/gems/ruby-2.3.0/gems/web-console-2.2.1/lib/web_console/templates/index.html.erb (106.0ms)
  [1m[36m (0.1ms)[0m  [1mbegin transaction[0m
  [1m[35mSQL (0.5ms)[0m  INSERT INTO "students" ("created_at", "updated_at") VALUES (?, ?)  [["created_at", "2016-10-23 22:38:55.447764"], ["updated_at", "2016-10-23 22:38:55.447764"]]
  [1m[36m (2.6ms)[0m  [1mcommit transaction[0m
  [1m[35m (0.1ms)[0m  begin transaction
  [1m[36mSQL (1.0ms)[0m  [1mINSERT INTO "school_classes" DEFAULT VALUES[0m
  [1m[35m (2.5ms)[0m  commit transaction


Started GET "/students" for ::1 at 2016-10-23 18:39:06 -0400
  [1m[36mActiveRecord::SchemaMigration Load (0.1ms)[0m  [1mSELECT "schema_migrations".* FROM "schema_migrations"[0m
Processing by StudentsController#index as HTML
  [1m[35mStudent Load (0.2ms)[0m  SELECT "students".* FROM "students"
  Rendered students/index.html.erb within layouts/application (11.5ms)
Completed 500 Internal Server Error in 33ms (ActiveRecord: 0.6ms)

ActionView::Template::Error (undefined method `+' for nil:NilClass):
    1: <% @students.each do |student| %>
    2:   <li><%= student.to_s %> </li>
    3: <% end %>
  app/models/student.rb:3:in `to_s'
  app/views/students/index.html.erb:2:in `block in _app_views_students_index_html_erb__3406687254880122735_70110035758980'
  app/views/students/index.html.erb:1:in `_app_views_students_index_html_erb__3406687254880122735_70110035758980'


  Rendered /Users/nick-scaglione/.rvm/gems/ruby-2.3.0/gems/actionpack-4.2.3/lib/action_dispatch/middleware/templates/rescues/_source.erb (5.4ms)
  Rendered /Users/nick-scaglione/.rvm/gems/ruby-2.3.0/gems/actionpack-4.2.3/lib/action_dispatch/middleware/templates/rescues/_trace.html.erb (2.2ms)
  Rendered /Users/nick-scaglione/.rvm/gems/ruby-2.3.0/gems/actionpack-4.2.3/lib/action_dispatch/middleware/templates/rescues/_request_and_response.html.erb (0.9ms)
  Rendered /Users/nick-scaglione/.rvm/gems/ruby-2.3.0/gems/actionpack-4.2.3/lib/action_dispatch/middleware/templates/rescues/template_error.html.erb within rescues/layout (56.1ms)
  Rendered /Users/nick-scaglione/.rvm/gems/ruby-2.3.0/gems/web-console-2.2.1/lib/web_console/templates/_markup.html.erb (0.4ms)
  Rendered /Users/nick-scaglione/.rvm/gems/ruby-2.3.0/gems/web-console-2.2.1/lib/web_console/templates/_inner_console_markup.html.erb within layouts/inlined_string (0.4ms)
  Rendered /Users/nick-scaglione/.rvm/gems/ruby-2.3.0/gems/web-console-2.2.1/lib/web_console/templates/_prompt_box_markup.html.erb within layouts/inlined_string (0.5ms)
  Rendered /Users/nick-scaglione/.rvm/gems/ruby-2.3.0/gems/web-console-2.2.1/lib/web_console/templates/style.css.erb within layouts/inlined_string (0.6ms)
  Rendered /Users/nick-scaglione/.rvm/gems/ruby-2.3.0/gems/web-console-2.2.1/lib/web_console/templates/console.js.erb within layouts/javascript (51.5ms)
  Rendered /Users/nick-scaglione/.rvm/gems/ruby-2.3.0/gems/web-console-2.2.1/lib/web_console/templates/main.js.erb within layouts/javascript (0.4ms)
  Rendered /Users/nick-scaglione/.rvm/gems/ruby-2.3.0/gems/web-console-2.2.1/lib/web_console/templates/error_page.js.erb within layouts/javascript (0.6ms)
  Rendered /Users/nick-scaglione/.rvm/gems/ruby-2.3.0/gems/web-console-2.2.1/lib/web_console/templates/index.html.erb (112.5ms)


Started GET "/students" for ::1 at 2016-10-23 18:39:08 -0400
Processing by StudentsController#index as HTML
  [1m[36mStudent Load (0.1ms)[0m  [1mSELECT "students".* FROM "students"[0m
  Rendered students/index.html.erb within layouts/application (4.9ms)
Completed 500 Internal Server Error in 10ms (ActiveRecord: 0.1ms)

ActionView::Template::Error (undefined method `+' for nil:NilClass):
    1: <% @students.each do |student| %>
    2:   <li><%= student.to_s %> </li>
    3: <% end %>
  app/models/student.rb:3:in `to_s'
  app/views/students/index.html.erb:2:in `block in _app_views_students_index_html_erb__3406687254880122735_70110035758980'
  app/views/students/index.html.erb:1:in `_app_views_students_index_html_erb__3406687254880122735_70110035758980'


  Rendered /Users/nick-scaglione/.rvm/gems/ruby-2.3.0/gems/actionpack-4.2.3/lib/action_dispatch/middleware/templates/rescues/_source.erb (6.5ms)
  Rendered /Users/nick-scaglione/.rvm/gems/ruby-2.3.0/gems/actionpack-4.2.3/lib/action_dispatch/middleware/templates/rescues/_trace.html.erb (2.7ms)
  Rendered /Users/nick-scaglione/.rvm/gems/ruby-2.3.0/gems/actionpack-4.2.3/lib/action_dispatch/middleware/templates/rescues/_request_and_response.html.erb (1.5ms)
  Rendered /Users/nick-scaglione/.rvm/gems/ruby-2.3.0/gems/actionpack-4.2.3/lib/action_dispatch/middleware/templates/rescues/template_error.html.erb within rescues/layout (60.8ms)
  Rendered /Users/nick-scaglione/.rvm/gems/ruby-2.3.0/gems/web-console-2.2.1/lib/web_console/templates/_markup.html.erb (0.6ms)
  Rendered /Users/nick-scaglione/.rvm/gems/ruby-2.3.0/gems/web-console-2.2.1/lib/web_console/templates/_inner_console_markup.html.erb within layouts/inlined_string (0.4ms)
  Rendered /Users/nick-scaglione/.rvm/gems/ruby-2.3.0/gems/web-console-2.2.1/lib/web_console/templates/_prompt_box_markup.html.erb within layouts/inlined_string (0.4ms)
  Rendered /Users/nick-scaglione/.rvm/gems/ruby-2.3.0/gems/web-console-2.2.1/lib/web_console/templates/style.css.erb within layouts/inlined_string (0.4ms)
  Rendered /Users/nick-scaglione/.rvm/gems/ruby-2.3.0/gems/web-console-2.2.1/lib/web_console/templates/console.js.erb within layouts/javascript (48.7ms)
  Rendered /Users/nick-scaglione/.rvm/gems/ruby-2.3.0/gems/web-console-2.2.1/lib/web_console/templates/main.js.erb within layouts/javascript (0.4ms)
  Rendered /Users/nick-scaglione/.rvm/gems/ruby-2.3.0/gems/web-console-2.2.1/lib/web_console/templates/error_page.js.erb within layouts/javascript (0.5ms)
  Rendered /Users/nick-scaglione/.rvm/gems/ruby-2.3.0/gems/web-console-2.2.1/lib/web_console/templates/index.html.erb (108.1ms)
  [1m[36mStudent Load (0.1ms)[0m  [1mSELECT  "students".* FROM "students"  ORDER BY "students"."id" ASC LIMIT 1[0m
  [1m[35m (0.1ms)[0m  begin transaction
  [1m[36mSQL (0.5ms)[0m  [1mUPDATE "students" SET "first_name" = ?, "last_name" = ?, "updated_at" = ? WHERE "students"."id" = ?[0m  [["first_name", "bob"], ["last_name", "bob"], ["updated_at", "2016-10-23 22:39:30.095108"], ["id", 1]]
  [1m[35m (2.5ms)[0m  commit transaction
  [1m[36mSchoolClass Load (0.1ms)[0m  [1mSELECT  "school_classes".* FROM "school_classes"  ORDER BY "school_classes"."id" ASC LIMIT 1[0m
  [1m[35m (0.1ms)[0m  begin transaction
  [1m[36mSQL (0.3ms)[0m  [1mUPDATE "school_classes" SET "title" = ?, "room_number" = ? WHERE "school_classes"."id" = ?[0m  [["title", "class"], ["room_number", 5], ["id", 1]]
  [1m[35m (2.3ms)[0m  commit transaction


Started GET "/students" for ::1 at 2016-10-23 18:39:56 -0400
  [1m[36mActiveRecord::SchemaMigration Load (0.1ms)[0m  [1mSELECT "schema_migrations".* FROM "schema_migrations"[0m
Processing by StudentsController#index as HTML
  [1m[35mStudent Load (0.2ms)[0m  SELECT "students".* FROM "students"
  Rendered students/index.html.erb within layouts/application (12.8ms)
Completed 500 Internal Server Error in 35ms (ActiveRecord: 0.6ms)

ActionView::Template::Error (undefined method `+' for nil:NilClass):
    1: <% @students.each do |student| %>
    2:   <li><%= student.to_s %> </li>
    3: <% end %>
  app/models/student.rb:3:in `to_s'
  app/views/students/index.html.erb:2:in `block in _app_views_students_index_html_erb___4382760066827061923_70296849121140'
  app/views/students/index.html.erb:1:in `_app_views_students_index_html_erb___4382760066827061923_70296849121140'


  Rendered /Users/nick-scaglione/.rvm/gems/ruby-2.3.0/gems/actionpack-4.2.3/lib/action_dispatch/middleware/templates/rescues/_source.erb (6.5ms)
  Rendered /Users/nick-scaglione/.rvm/gems/ruby-2.3.0/gems/actionpack-4.2.3/lib/action_dispatch/middleware/templates/rescues/_trace.html.erb (4.2ms)
  Rendered /Users/nick-scaglione/.rvm/gems/ruby-2.3.0/gems/actionpack-4.2.3/lib/action_dispatch/middleware/templates/rescues/_request_and_response.html.erb (0.9ms)
  Rendered /Users/nick-scaglione/.rvm/gems/ruby-2.3.0/gems/actionpack-4.2.3/lib/action_dispatch/middleware/templates/rescues/template_error.html.erb within rescues/layout (66.9ms)
  Rendered /Users/nick-scaglione/.rvm/gems/ruby-2.3.0/gems/web-console-2.2.1/lib/web_console/templates/_markup.html.erb (0.4ms)
  Rendered /Users/nick-scaglione/.rvm/gems/ruby-2.3.0/gems/web-console-2.2.1/lib/web_console/templates/_inner_console_markup.html.erb within layouts/inlined_string (0.6ms)
  Rendered /Users/nick-scaglione/.rvm/gems/ruby-2.3.0/gems/web-console-2.2.1/lib/web_console/templates/_prompt_box_markup.html.erb within layouts/inlined_string (0.5ms)
  Rendered /Users/nick-scaglione/.rvm/gems/ruby-2.3.0/gems/web-console-2.2.1/lib/web_console/templates/style.css.erb within layouts/inlined_string (0.4ms)
  Rendered /Users/nick-scaglione/.rvm/gems/ruby-2.3.0/gems/web-console-2.2.1/lib/web_console/templates/console.js.erb within layouts/javascript (57.0ms)
  Rendered /Users/nick-scaglione/.rvm/gems/ruby-2.3.0/gems/web-console-2.2.1/lib/web_console/templates/main.js.erb within layouts/javascript (0.3ms)
  Rendered /Users/nick-scaglione/.rvm/gems/ruby-2.3.0/gems/web-console-2.2.1/lib/web_console/templates/error_page.js.erb within layouts/javascript (0.5ms)
  Rendered /Users/nick-scaglione/.rvm/gems/ruby-2.3.0/gems/web-console-2.2.1/lib/web_console/templates/index.html.erb (122.8ms)


Started GET "/students" for ::1 at 2016-10-23 18:39:58 -0400
Processing by StudentsController#index as HTML
  [1m[36mStudent Load (0.4ms)[0m  [1mSELECT "students".* FROM "students"[0m
  Rendered students/index.html.erb within layouts/application (5.1ms)
Completed 500 Internal Server Error in 11ms (ActiveRecord: 0.4ms)

ActionView::Template::Error (undefined method `+' for nil:NilClass):
    1: <% @students.each do |student| %>
    2:   <li><%= student.to_s %> </li>
    3: <% end %>
  app/models/student.rb:3:in `to_s'
  app/views/students/index.html.erb:2:in `block in _app_views_students_index_html_erb___4382760066827061923_70296849121140'
  app/views/students/index.html.erb:1:in `_app_views_students_index_html_erb___4382760066827061923_70296849121140'


  Rendered /Users/nick-scaglione/.rvm/gems/ruby-2.3.0/gems/actionpack-4.2.3/lib/action_dispatch/middleware/templates/rescues/_source.erb (5.2ms)
  Rendered /Users/nick-scaglione/.rvm/gems/ruby-2.3.0/gems/actionpack-4.2.3/lib/action_dispatch/middleware/templates/rescues/_trace.html.erb (2.3ms)
  Rendered /Users/nick-scaglione/.rvm/gems/ruby-2.3.0/gems/actionpack-4.2.3/lib/action_dispatch/middleware/templates/rescues/_request_and_response.html.erb (0.9ms)
  Rendered /Users/nick-scaglione/.rvm/gems/ruby-2.3.0/gems/actionpack-4.2.3/lib/action_dispatch/middleware/templates/rescues/template_error.html.erb within rescues/layout (54.8ms)
  Rendered /Users/nick-scaglione/.rvm/gems/ruby-2.3.0/gems/web-console-2.2.1/lib/web_console/templates/_markup.html.erb (0.4ms)
  Rendered /Users/nick-scaglione/.rvm/gems/ruby-2.3.0/gems/web-console-2.2.1/lib/web_console/templates/_inner_console_markup.html.erb within layouts/inlined_string (0.4ms)
  Rendered /Users/nick-scaglione/.rvm/gems/ruby-2.3.0/gems/web-console-2.2.1/lib/web_console/templates/_prompt_box_markup.html.erb within layouts/inlined_string (0.4ms)
  Rendered /Users/nick-scaglione/.rvm/gems/ruby-2.3.0/gems/web-console-2.2.1/lib/web_console/templates/style.css.erb within layouts/inlined_string (0.4ms)
  Rendered /Users/nick-scaglione/.rvm/gems/ruby-2.3.0/gems/web-console-2.2.1/lib/web_console/templates/console.js.erb within layouts/javascript (46.6ms)
  Rendered /Users/nick-scaglione/.rvm/gems/ruby-2.3.0/gems/web-console-2.2.1/lib/web_console/templates/main.js.erb within layouts/javascript (0.4ms)
  Rendered /Users/nick-scaglione/.rvm/gems/ruby-2.3.0/gems/web-console-2.2.1/lib/web_console/templates/error_page.js.erb within layouts/javascript (0.4ms)
  Rendered /Users/nick-scaglione/.rvm/gems/ruby-2.3.0/gems/web-console-2.2.1/lib/web_console/templates/index.html.erb (105.7ms)


Started GET "/students" for ::1 at 2016-10-23 18:39:59 -0400
Processing by StudentsController#index as HTML
  [1m[35mStudent Load (0.2ms)[0m  SELECT "students".* FROM "students"
  Rendered students/index.html.erb within layouts/application (5.0ms)
Completed 500 Internal Server Error in 10ms (ActiveRecord: 0.2ms)

ActionView::Template::Error (undefined method `+' for nil:NilClass):
    1: <% @students.each do |student| %>
    2:   <li><%= student.to_s %> </li>
    3: <% end %>
  app/models/student.rb:3:in `to_s'
  app/views/students/index.html.erb:2:in `block in _app_views_students_index_html_erb___4382760066827061923_70296849121140'
  app/views/students/index.html.erb:1:in `_app_views_students_index_html_erb___4382760066827061923_70296849121140'


  Rendered /Users/nick-scaglione/.rvm/gems/ruby-2.3.0/gems/actionpack-4.2.3/lib/action_dispatch/middleware/templates/rescues/_source.erb (8.4ms)
  Rendered /Users/nick-scaglione/.rvm/gems/ruby-2.3.0/gems/actionpack-4.2.3/lib/action_dispatch/middleware/templates/rescues/_trace.html.erb (3.5ms)
  Rendered /Users/nick-scaglione/.rvm/gems/ruby-2.3.0/gems/actionpack-4.2.3/lib/action_dispatch/middleware/templates/rescues/_request_and_response.html.erb (1.1ms)
  Rendered /Users/nick-scaglione/.rvm/gems/ruby-2.3.0/gems/actionpack-4.2.3/lib/action_dispatch/middleware/templates/rescues/template_error.html.erb within rescues/layout (62.7ms)
  Rendered /Users/nick-scaglione/.rvm/gems/ruby-2.3.0/gems/web-console-2.2.1/lib/web_console/templates/_markup.html.erb (0.4ms)
  Rendered /Users/nick-scaglione/.rvm/gems/ruby-2.3.0/gems/web-console-2.2.1/lib/web_console/templates/_inner_console_markup.html.erb within layouts/inlined_string (0.6ms)
  Rendered /Users/nick-scaglione/.rvm/gems/ruby-2.3.0/gems/web-console-2.2.1/lib/web_console/templates/_prompt_box_markup.html.erb within layouts/inlined_string (0.4ms)
  Rendered /Users/nick-scaglione/.rvm/gems/ruby-2.3.0/gems/web-console-2.2.1/lib/web_console/templates/style.css.erb within layouts/inlined_string (0.8ms)
  Rendered /Users/nick-scaglione/.rvm/gems/ruby-2.3.0/gems/web-console-2.2.1/lib/web_console/templates/console.js.erb within layouts/javascript (50.4ms)
  Rendered /Users/nick-scaglione/.rvm/gems/ruby-2.3.0/gems/web-console-2.2.1/lib/web_console/templates/main.js.erb within layouts/javascript (0.4ms)
  Rendered /Users/nick-scaglione/.rvm/gems/ruby-2.3.0/gems/web-console-2.2.1/lib/web_console/templates/error_page.js.erb within layouts/javascript (0.7ms)
  Rendered /Users/nick-scaglione/.rvm/gems/ruby-2.3.0/gems/web-console-2.2.1/lib/web_console/templates/index.html.erb (108.8ms)
  [1m[36mStudent Load (2.4ms)[0m  [1mSELECT "students".* FROM "students"[0m
  [1m[35mStudent Load (0.2ms)[0m  SELECT "students".* FROM "students"
  [1m[36mStudent Load (0.2ms)[0m  [1mSELECT "students".* FROM "students"[0m
  [1m[35m (0.1ms)[0m  begin transaction
  [1m[36mSQL (0.5ms)[0m  [1mDELETE FROM "students" WHERE "students"."id" = ?[0m  [["id", 2]]
  [1m[35m (2.7ms)[0m  commit transaction
  [1m[36mStudent Load (0.3ms)[0m  [1mSELECT "students".* FROM "students"[0m
  [1m[35mStudent Load (0.2ms)[0m  SELECT "students".* FROM "students"
  [1m[36m (0.1ms)[0m  [1mbegin transaction[0m
  [1m[35mSQL (0.3ms)[0m  DELETE FROM "students" WHERE "students"."id" = ?  [["id", 3]]
  [1m[36m (2.4ms)[0m  [1mcommit transaction[0m
  [1m[35m (0.2ms)[0m  SELECT COUNT(*) FROM "students"
  [1m[36m (0.2ms)[0m  [1mSELECT COUNT(*) FROM "school_classes"[0m


Started GET "/students" for ::1 at 2016-10-23 18:40:53 -0400
  [1m[36mActiveRecord::SchemaMigration Load (0.1ms)[0m  [1mSELECT "schema_migrations".* FROM "schema_migrations"[0m
Processing by StudentsController#index as HTML
  [1m[35mStudent Load (0.2ms)[0m  SELECT "students".* FROM "students"
  Rendered students/index.html.erb within layouts/application (5.7ms)
Completed 200 OK in 1029ms (Views: 1017.5ms | ActiveRecord: 0.5ms)


Started GET "/students/1/active" for ::1 at 2016-10-23 18:40:59 -0400

ActionController::RoutingError (No route matches [GET] "/students/1/active"):
  actionpack (4.2.3) lib/action_dispatch/middleware/debug_exceptions.rb:21:in `call'
  web-console (2.2.1) lib/web_console/middleware.rb:39:in `call'
  actionpack (4.2.3) lib/action_dispatch/middleware/show_exceptions.rb:30:in `call'
  railties (4.2.3) lib/rails/rack/logger.rb:38:in `call_app'
  railties (4.2.3) lib/rails/rack/logger.rb:20:in `block in call'
  activesupport (4.2.3) lib/active_support/tagged_logging.rb:68:in `block in tagged'
  activesupport (4.2.3) lib/active_support/tagged_logging.rb:26:in `tagged'
  activesupport (4.2.3) lib/active_support/tagged_logging.rb:68:in `tagged'
  railties (4.2.3) lib/rails/rack/logger.rb:20:in `call'
  actionpack (4.2.3) lib/action_dispatch/middleware/request_id.rb:21:in `call'
  rack (1.6.4) lib/rack/methodoverride.rb:22:in `call'
  rack (1.6.4) lib/rack/runtime.rb:18:in `call'
  activesupport (4.2.3) lib/active_support/cache/strategy/local_cache_middleware.rb:28:in `call'
  rack (1.6.4) lib/rack/lock.rb:17:in `call'
  actionpack (4.2.3) lib/action_dispatch/middleware/static.rb:116:in `call'
  rack (1.6.4) lib/rack/sendfile.rb:113:in `call'
  railties (4.2.3) lib/rails/engine.rb:518:in `call'
  railties (4.2.3) lib/rails/application.rb:165:in `call'
  rack (1.6.4) lib/rack/lock.rb:17:in `call'
  rack (1.6.4) lib/rack/content_length.rb:15:in `call'
  rack (1.6.4) lib/rack/handler/webrick.rb:88:in `service'
  /Users/nick-scaglione/.rvm/rubies/ruby-2.3.0/lib/ruby/2.3.0/webrick/httpserver.rb:140:in `service'
  /Users/nick-scaglione/.rvm/rubies/ruby-2.3.0/lib/ruby/2.3.0/webrick/httpserver.rb:96:in `run'
  /Users/nick-scaglione/.rvm/rubies/ruby-2.3.0/lib/ruby/2.3.0/webrick/server.rb:296:in `block in start_thread'


  Rendered /Users/nick-scaglione/.rvm/gems/ruby-2.3.0/gems/actionpack-4.2.3/lib/action_dispatch/middleware/templates/rescues/_trace.html.erb (3.0ms)
  Rendered /Users/nick-scaglione/.rvm/gems/ruby-2.3.0/gems/actionpack-4.2.3/lib/action_dispatch/middleware/templates/routes/_route.html.erb (2.4ms)
  Rendered /Users/nick-scaglione/.rvm/gems/ruby-2.3.0/gems/actionpack-4.2.3/lib/action_dispatch/middleware/templates/routes/_table.html.erb (14.0ms)
  Rendered /Users/nick-scaglione/.rvm/gems/ruby-2.3.0/gems/actionpack-4.2.3/lib/action_dispatch/middleware/templates/rescues/_request_and_response.html.erb (2.1ms)
  Rendered /Users/nick-scaglione/.rvm/gems/ruby-2.3.0/gems/actionpack-4.2.3/lib/action_dispatch/middleware/templates/rescues/routing_error.html.erb within rescues/layout (105.5ms)
  Rendered /Users/nick-scaglione/.rvm/gems/ruby-2.3.0/gems/web-console-2.2.1/lib/web_console/templates/_markup.html.erb (0.4ms)
  Rendered /Users/nick-scaglione/.rvm/gems/ruby-2.3.0/gems/web-console-2.2.1/lib/web_console/templates/_inner_console_markup.html.erb within layouts/inlined_string (1.2ms)
  Rendered /Users/nick-scaglione/.rvm/gems/ruby-2.3.0/gems/web-console-2.2.1/lib/web_console/templates/_prompt_box_markup.html.erb within layouts/inlined_string (0.3ms)
  Rendered /Users/nick-scaglione/.rvm/gems/ruby-2.3.0/gems/web-console-2.2.1/lib/web_console/templates/style.css.erb within layouts/inlined_string (0.6ms)
  Rendered /Users/nick-scaglione/.rvm/gems/ruby-2.3.0/gems/web-console-2.2.1/lib/web_console/templates/console.js.erb within layouts/javascript (49.6ms)
  Rendered /Users/nick-scaglione/.rvm/gems/ruby-2.3.0/gems/web-console-2.2.1/lib/web_console/templates/main.js.erb within layouts/javascript (0.5ms)
  Rendered /Users/nick-scaglione/.rvm/gems/ruby-2.3.0/gems/web-console-2.2.1/lib/web_console/templates/error_page.js.erb within layouts/javascript (0.8ms)
  Rendered /Users/nick-scaglione/.rvm/gems/ruby-2.3.0/gems/web-console-2.2.1/lib/web_console/templates/index.html.erb (110.2ms)


Started GET "/students/1/" for ::1 at 2016-10-23 18:41:01 -0400
Processing by StudentsController#show as HTML
  Parameters: {"id"=>"1"}
  [1m[36mStudent Load (0.2ms)[0m  [1mSELECT  "students".* FROM "students" WHERE "students"."id" = ? LIMIT 1[0m  [["id", 1]]
  Rendered students/show.html.erb within layouts/application (0.9ms)
Completed 200 OK in 47ms (Views: 35.2ms | ActiveRecord: 0.2ms)


Started GET "/students" for ::1 at 2016-10-23 18:41:04 -0400
Processing by StudentsController#index as HTML
  [1m[35mStudent Load (0.3ms)[0m  SELECT "students".* FROM "students"
  Rendered students/index.html.erb within layouts/application (0.9ms)
Completed 200 OK in 30ms (Views: 28.0ms | ActiveRecord: 0.3ms)


Started GET "/school_classes" for ::1 at 2016-10-23 18:41:07 -0400
Processing by SchoolClassesController#index as HTML
  Rendered school_classes/index.html.erb within layouts/application (4.8ms)
Completed 500 Internal Server Error in 13ms (ActiveRecord: 0.0ms)

ActionView::Template::Error (undefined method `each' for nil:NilClass):
    1: <%= @school_classes.each do |school_class| %>
    2:   <p><%= school_class.title %> - <%= school_class.room_number%><p>
    3: 
    4: <% end %>
  app/views/school_classes/index.html.erb:1:in `_app_views_school_classes_index_html_erb___722962571733512737_70117681161240'


  Rendered /Users/nick-scaglione/.rvm/gems/ruby-2.3.0/gems/actionpack-4.2.3/lib/action_dispatch/middleware/templates/rescues/_source.erb (12.6ms)
  Rendered /Users/nick-scaglione/.rvm/gems/ruby-2.3.0/gems/actionpack-4.2.3/lib/action_dispatch/middleware/templates/rescues/_trace.html.erb (5.8ms)
  Rendered /Users/nick-scaglione/.rvm/gems/ruby-2.3.0/gems/actionpack-4.2.3/lib/action_dispatch/middleware/templates/rescues/_request_and_response.html.erb (1.1ms)
  Rendered /Users/nick-scaglione/.rvm/gems/ruby-2.3.0/gems/actionpack-4.2.3/lib/action_dispatch/middleware/templates/rescues/template_error.html.erb within rescues/layout (66.5ms)
  Rendered /Users/nick-scaglione/.rvm/gems/ruby-2.3.0/gems/web-console-2.2.1/lib/web_console/templates/_markup.html.erb (0.5ms)
  Rendered /Users/nick-scaglione/.rvm/gems/ruby-2.3.0/gems/web-console-2.2.1/lib/web_console/templates/_inner_console_markup.html.erb within layouts/inlined_string (0.3ms)
  Rendered /Users/nick-scaglione/.rvm/gems/ruby-2.3.0/gems/web-console-2.2.1/lib/web_console/templates/_prompt_box_markup.html.erb within layouts/inlined_string (0.3ms)
  Rendered /Users/nick-scaglione/.rvm/gems/ruby-2.3.0/gems/web-console-2.2.1/lib/web_console/templates/style.css.erb within layouts/inlined_string (0.4ms)
  Rendered /Users/nick-scaglione/.rvm/gems/ruby-2.3.0/gems/web-console-2.2.1/lib/web_console/templates/console.js.erb within layouts/javascript (46.2ms)
  Rendered /Users/nick-scaglione/.rvm/gems/ruby-2.3.0/gems/web-console-2.2.1/lib/web_console/templates/main.js.erb within layouts/javascript (0.6ms)
  Rendered /Users/nick-scaglione/.rvm/gems/ruby-2.3.0/gems/web-console-2.2.1/lib/web_console/templates/error_page.js.erb within layouts/javascript (0.7ms)
  Rendered /Users/nick-scaglione/.rvm/gems/ruby-2.3.0/gems/web-console-2.2.1/lib/web_console/templates/index.html.erb (103.7ms)


Started GET "/school_classes" for ::1 at 2016-10-23 18:41:24 -0400
Processing by SchoolClassesController#index as HTML
  [1m[36mSchoolClass Load (0.3ms)[0m  [1mSELECT "school_classes".* FROM "school_classes"[0m
  Rendered school_classes/index.html.erb within layouts/application (4.0ms)
Completed 200 OK in 42ms (Views: 39.2ms | ActiveRecord: 0.6ms)


Started GET "/school_classes" for ::1 at 2016-10-23 18:41:58 -0400
Processing by SchoolClassesController#index as HTML
  [1m[35mSchoolClass Load (0.1ms)[0m  SELECT "school_classes".* FROM "school_classes"
  Rendered school_classes/index.html.erb within layouts/application (1.2ms)
Completed 200 OK in 41ms (Views: 39.4ms | ActiveRecord: 0.1ms)


Started GET "/school_classes/1" for ::1 at 2016-10-23 18:42:01 -0400
Processing by SchoolClassesController#show as HTML
  Parameters: {"id"=>"1"}
  [1m[36mSchoolClass Load (0.2ms)[0m  [1mSELECT  "school_classes".* FROM "school_classes" WHERE "school_classes"."id" = ? LIMIT 1[0m  [["id", 1]]
  Rendered school_classes/show.html.erb within layouts/application (0.4ms)
Completed 200 OK in 31ms (Views: 28.7ms | ActiveRecord: 0.2ms)


Started GET "/school_classes/new" for ::1 at 2016-10-23 18:42:52 -0400
  [1m[36mActiveRecord::SchemaMigration Load (0.1ms)[0m  [1mSELECT "schema_migrations".* FROM "schema_migrations"[0m
Processing by SchoolClassesController#new as HTML
  Rendered school_classes/new.html.erb within layouts/application (5.0ms)
Completed 500 Internal Server Error in 24ms (ActiveRecord: 0.0ms)

ActionView::Template::Error (First argument in form cannot contain nil or be empty):
    1: School Class Form
    2: 
    3: <%= form_for(@school_class) do |f| %>
    4:   <%= f.text_field :"school_class[title]" %>
    5:   <%= f.text_field :"school_class[room_number]" %>
    6: 
  app/views/school_classes/new.html.erb:3:in `_app_views_school_classes_new_html_erb__1957925032112971091_70196915838180'


  Rendered /Users/nick-scaglione/.rvm/gems/ruby-2.3.0/gems/actionpack-4.2.3/lib/action_dispatch/middleware/templates/rescues/_source.erb (6.2ms)
  Rendered /Users/nick-scaglione/.rvm/gems/ruby-2.3.0/gems/actionpack-4.2.3/lib/action_dispatch/middleware/templates/rescues/_trace.html.erb (2.4ms)
  Rendered /Users/nick-scaglione/.rvm/gems/ruby-2.3.0/gems/actionpack-4.2.3/lib/action_dispatch/middleware/templates/rescues/_request_and_response.html.erb (0.8ms)
  Rendered /Users/nick-scaglione/.rvm/gems/ruby-2.3.0/gems/actionpack-4.2.3/lib/action_dispatch/middleware/templates/rescues/template_error.html.erb within rescues/layout (60.9ms)
  Rendered /Users/nick-scaglione/.rvm/gems/ruby-2.3.0/gems/web-console-2.2.1/lib/web_console/templates/_markup.html.erb (0.7ms)
  Rendered /Users/nick-scaglione/.rvm/gems/ruby-2.3.0/gems/web-console-2.2.1/lib/web_console/templates/_inner_console_markup.html.erb within layouts/inlined_string (0.3ms)
  Rendered /Users/nick-scaglione/.rvm/gems/ruby-2.3.0/gems/web-console-2.2.1/lib/web_console/templates/_prompt_box_markup.html.erb within layouts/inlined_string (0.4ms)
  Rendered /Users/nick-scaglione/.rvm/gems/ruby-2.3.0/gems/web-console-2.2.1/lib/web_console/templates/style.css.erb within layouts/inlined_string (0.3ms)
  Rendered /Users/nick-scaglione/.rvm/gems/ruby-2.3.0/gems/web-console-2.2.1/lib/web_console/templates/console.js.erb within layouts/javascript (53.6ms)
  Rendered /Users/nick-scaglione/.rvm/gems/ruby-2.3.0/gems/web-console-2.2.1/lib/web_console/templates/main.js.erb within layouts/javascript (0.3ms)
  Rendered /Users/nick-scaglione/.rvm/gems/ruby-2.3.0/gems/web-console-2.2.1/lib/web_console/templates/error_page.js.erb within layouts/javascript (0.4ms)
  Rendered /Users/nick-scaglione/.rvm/gems/ruby-2.3.0/gems/web-console-2.2.1/lib/web_console/templates/index.html.erb (120.3ms)


Started GET "/school_classes/new" for ::1 at 2016-10-23 18:45:54 -0400
Processing by SchoolClassesController#new as HTML
  Rendered school_classes/new.html.erb within layouts/application (0.9ms)
Completed 200 OK in 202ms (Views: 200.7ms | ActiveRecord: 0.0ms)


Started POST "/school_classes" for ::1 at 2016-10-23 18:45:58 -0400
Processing by SchoolClassesController#create as HTML
  Parameters: {"utf8"=>"✓", "authenticity_token"=>"/QFFm4LJbTcgm04Z5GKkM1Mrja6WckhTKLlYYNLUQzepWbGkj3JtaRV/9d8CukVVfzp4K+skyfD2unKyZkVOig==", "school_class"=>{"title"=>"beep", "room_number"=>"boop"}, "commit"=>"Submit School Class"}
  [1m[35m (0.1ms)[0m  begin transaction
  [1m[36mSQL (0.4ms)[0m  [1mINSERT INTO "school_classes" ("title", "room_number") VALUES (?, ?)[0m  [["title", "beep"], ["room_number", 0]]
  [1m[35m (2.4ms)[0m  commit transaction
Redirected to http://localhost:3000/school_classes/2
Completed 302 Found in 17ms (ActiveRecord: 3.1ms)


Started GET "/school_classes/2" for ::1 at 2016-10-23 18:45:58 -0400
Processing by SchoolClassesController#show as HTML
  Parameters: {"id"=>"2"}
  [1m[36mSchoolClass Load (0.2ms)[0m  [1mSELECT  "school_classes".* FROM "school_classes" WHERE "school_classes"."id" = ? LIMIT 1[0m  [["id", 2]]
  Rendered school_classes/show.html.erb within layouts/application (1.1ms)
Completed 200 OK in 48ms (Views: 39.0ms | ActiveRecord: 0.2ms)


Started POST "/school_classes" for ::1 at 2016-10-23 18:46:05 -0400
Processing by SchoolClassesController#create as HTML
  Parameters: {"utf8"=>"✓", "authenticity_token"=>"/QFFm4LJbTcgm04Z5GKkM1Mrja6WckhTKLlYYNLUQzepWbGkj3JtaRV/9d8CukVVfzp4K+skyfD2unKyZkVOig==", "school_class"=>{"title"=>"beep", "room_number"=>"boop"}, "commit"=>"Submit School Class"}
  [1m[35m (0.1ms)[0m  begin transaction
  [1m[36mSQL (0.3ms)[0m  [1mINSERT INTO "school_classes" ("title", "room_number") VALUES (?, ?)[0m  [["title", "beep"], ["room_number", 0]]
  [1m[35m (2.5ms)[0m  commit transaction
Redirected to http://localhost:3000/school_classes/3
Completed 302 Found in 6ms (ActiveRecord: 2.8ms)


Started GET "/school_classes/3" for ::1 at 2016-10-23 18:46:05 -0400
Processing by SchoolClassesController#show as HTML
  Parameters: {"id"=>"3"}
  [1m[36mSchoolClass Load (0.1ms)[0m  [1mSELECT  "school_classes".* FROM "school_classes" WHERE "school_classes"."id" = ? LIMIT 1[0m  [["id", 3]]
  Rendered school_classes/show.html.erb within layouts/application (0.1ms)
Completed 200 OK in 47ms (Views: 45.4ms | ActiveRecord: 0.1ms)


Started POST "/school_classes" for ::1 at 2016-10-23 18:46:11 -0400
Processing by SchoolClassesController#create as HTML
  Parameters: {"utf8"=>"✓", "authenticity_token"=>"/QFFm4LJbTcgm04Z5GKkM1Mrja6WckhTKLlYYNLUQzepWbGkj3JtaRV/9d8CukVVfzp4K+skyfD2unKyZkVOig==", "school_class"=>{"title"=>"beep", "room_number"=>"1"}, "commit"=>"Submit School Class"}
  [1m[35m (0.1ms)[0m  begin transaction
  [1m[36mSQL (0.3ms)[0m  [1mINSERT INTO "school_classes" ("title", "room_number") VALUES (?, ?)[0m  [["title", "beep"], ["room_number", 1]]
  [1m[35m (5.1ms)[0m  commit transaction
Redirected to http://localhost:3000/school_classes/4
Completed 302 Found in 9ms (ActiveRecord: 5.5ms)


Started GET "/school_classes/4" for ::1 at 2016-10-23 18:46:12 -0400
Processing by SchoolClassesController#show as HTML
  Parameters: {"id"=>"4"}
  [1m[36mSchoolClass Load (0.3ms)[0m  [1mSELECT  "school_classes".* FROM "school_classes" WHERE "school_classes"."id" = ? LIMIT 1[0m  [["id", 4]]
  Rendered school_classes/show.html.erb within layouts/application (0.1ms)
Completed 200 OK in 47ms (Views: 44.7ms | ActiveRecord: 0.3ms)
  [1m[36mSchoolClass Load (1.8ms)[0m  [1mSELECT "school_classes".* FROM "school_classes"[0m
  [1m[35m (0.2ms)[0m  begin transaction
  [1m[36mSQL (0.5ms)[0m  [1mDELETE FROM "school_classes" WHERE "school_classes"."id" = ?[0m  [["id", 1]]
  [1m[35m (2.7ms)[0m  commit transaction
  [1m[36m (0.1ms)[0m  [1mbegin transaction[0m
  [1m[35mSQL (0.3ms)[0m  DELETE FROM "school_classes" WHERE "school_classes"."id" = ?  [["id", 2]]
  [1m[36m (2.7ms)[0m  [1mcommit transaction[0m
  [1m[35m (0.1ms)[0m  begin transaction
  [1m[36mSQL (0.2ms)[0m  [1mDELETE FROM "school_classes" WHERE "school_classes"."id" = ?[0m  [["id", 3]]
  [1m[35m (2.8ms)[0m  commit transaction
  [1m[36m (0.1ms)[0m  [1mbegin transaction[0m
  [1m[35mSQL (0.2ms)[0m  DELETE FROM "school_classes" WHERE "school_classes"."id" = ?  [["id", 4]]
  [1m[36m (2.4ms)[0m  [1mcommit transaction[0m


Started GET "/students/1/active" for ::1 at 2016-10-23 19:00:22 -0400
  [1m[36mActiveRecord::SchemaMigration Load (0.2ms)[0m  [1mSELECT "schema_migrations".* FROM "schema_migrations"[0m

ActionController::RoutingError (No route matches [GET] "/students/1/active"):
  actionpack (4.2.3) lib/action_dispatch/middleware/debug_exceptions.rb:21:in `call'
  web-console (2.2.1) lib/web_console/middleware.rb:39:in `call'
  actionpack (4.2.3) lib/action_dispatch/middleware/show_exceptions.rb:30:in `call'
  railties (4.2.3) lib/rails/rack/logger.rb:38:in `call_app'
  railties (4.2.3) lib/rails/rack/logger.rb:20:in `block in call'
  activesupport (4.2.3) lib/active_support/tagged_logging.rb:68:in `block in tagged'
  activesupport (4.2.3) lib/active_support/tagged_logging.rb:26:in `tagged'
  activesupport (4.2.3) lib/active_support/tagged_logging.rb:68:in `tagged'
  railties (4.2.3) lib/rails/rack/logger.rb:20:in `call'
  actionpack (4.2.3) lib/action_dispatch/middleware/request_id.rb:21:in `call'
  rack (1.6.4) lib/rack/methodoverride.rb:22:in `call'
  rack (1.6.4) lib/rack/runtime.rb:18:in `call'
  activesupport (4.2.3) lib/active_support/cache/strategy/local_cache_middleware.rb:28:in `call'
  rack (1.6.4) lib/rack/lock.rb:17:in `call'
  actionpack (4.2.3) lib/action_dispatch/middleware/static.rb:116:in `call'
  rack (1.6.4) lib/rack/sendfile.rb:113:in `call'
  railties (4.2.3) lib/rails/engine.rb:518:in `call'
  railties (4.2.3) lib/rails/application.rb:165:in `call'
  rack (1.6.4) lib/rack/lock.rb:17:in `call'
  rack (1.6.4) lib/rack/content_length.rb:15:in `call'
  rack (1.6.4) lib/rack/handler/webrick.rb:88:in `service'
  /Users/nick-scaglione/.rvm/rubies/ruby-2.3.0/lib/ruby/2.3.0/webrick/httpserver.rb:140:in `service'
  /Users/nick-scaglione/.rvm/rubies/ruby-2.3.0/lib/ruby/2.3.0/webrick/httpserver.rb:96:in `run'
  /Users/nick-scaglione/.rvm/rubies/ruby-2.3.0/lib/ruby/2.3.0/webrick/server.rb:296:in `block in start_thread'


  Rendered /Users/nick-scaglione/.rvm/gems/ruby-2.3.0/gems/actionpack-4.2.3/lib/action_dispatch/middleware/templates/rescues/_trace.html.erb (2.0ms)
  Rendered /Users/nick-scaglione/.rvm/gems/ruby-2.3.0/gems/actionpack-4.2.3/lib/action_dispatch/middleware/templates/routes/_route.html.erb (1.5ms)
  Rendered /Users/nick-scaglione/.rvm/gems/ruby-2.3.0/gems/actionpack-4.2.3/lib/action_dispatch/middleware/templates/routes/_table.html.erb (8.5ms)
  Rendered /Users/nick-scaglione/.rvm/gems/ruby-2.3.0/gems/actionpack-4.2.3/lib/action_dispatch/middleware/templates/rescues/_request_and_response.html.erb (21.3ms)
  Rendered /Users/nick-scaglione/.rvm/gems/ruby-2.3.0/gems/actionpack-4.2.3/lib/action_dispatch/middleware/templates/rescues/routing_error.html.erb within rescues/layout (121.0ms)
  Rendered /Users/nick-scaglione/.rvm/gems/ruby-2.3.0/gems/web-console-2.2.1/lib/web_console/templates/_markup.html.erb (0.4ms)
  Rendered /Users/nick-scaglione/.rvm/gems/ruby-2.3.0/gems/web-console-2.2.1/lib/web_console/templates/_inner_console_markup.html.erb within layouts/inlined_string (0.5ms)
  Rendered /Users/nick-scaglione/.rvm/gems/ruby-2.3.0/gems/web-console-2.2.1/lib/web_console/templates/_prompt_box_markup.html.erb within layouts/inlined_string (0.4ms)
  Rendered /Users/nick-scaglione/.rvm/gems/ruby-2.3.0/gems/web-console-2.2.1/lib/web_console/templates/style.css.erb within layouts/inlined_string (0.4ms)
  Rendered /Users/nick-scaglione/.rvm/gems/ruby-2.3.0/gems/web-console-2.2.1/lib/web_console/templates/console.js.erb within layouts/javascript (61.4ms)
  Rendered /Users/nick-scaglione/.rvm/gems/ruby-2.3.0/gems/web-console-2.2.1/lib/web_console/templates/main.js.erb within layouts/javascript (0.6ms)
  Rendered /Users/nick-scaglione/.rvm/gems/ruby-2.3.0/gems/web-console-2.2.1/lib/web_console/templates/error_page.js.erb within layouts/javascript (0.8ms)
  Rendered /Users/nick-scaglione/.rvm/gems/ruby-2.3.0/gems/web-console-2.2.1/lib/web_console/templates/index.html.erb (158.2ms)


Started GET "/students/1/" for ::1 at 2016-10-23 19:00:24 -0400
Processing by StudentsController#show as HTML
  Parameters: {"id"=>"1"}
  [1m[35mStudent Load (0.3ms)[0m  SELECT  "students".* FROM "students" WHERE "students"."id" = ? LIMIT 1  [["id", 1]]
  Rendered students/show.html.erb within layouts/application (0.4ms)
Completed 200 OK in 198ms (Views: 182.3ms | ActiveRecord: 0.8ms)


Started GET "/students/1/edit" for ::1 at 2016-10-23 19:00:26 -0400
Processing by StudentsController#edit as HTML
  Parameters: {"id"=>"1"}
  [1m[36mStudent Load (0.1ms)[0m  [1mSELECT  "students".* FROM "students" WHERE "students"."id" = ? LIMIT 1[0m  [["id", 1]]
  Rendered students/edit.html.erb within layouts/application (17.9ms)
Completed 500 Internal Server Error in 25ms (ActiveRecord: 0.1ms)

ActionView::Template::Error (undefined method `student[first_name]' for #<Student:0x007fdcc01b6ff8>):
    1: <%= form_for(@student) do |f| %>
    2:   <%= f.text_field :"student[first_name]" %>
    3:   <%= f.text_field :"student[last_name]" %>
    4: 
    5:   <%= f.submit "Update Student" %>
  app/views/students/edit.html.erb:2:in `block in _app_views_students_edit_html_erb___4163304006275534541_70293046274860'
  app/views/students/edit.html.erb:1:in `_app_views_students_edit_html_erb___4163304006275534541_70293046274860'


  Rendered /Users/nick-scaglione/.rvm/gems/ruby-2.3.0/gems/actionpack-4.2.3/lib/action_dispatch/middleware/templates/rescues/_source.erb (13.3ms)
  Rendered /Users/nick-scaglione/.rvm/gems/ruby-2.3.0/gems/actionpack-4.2.3/lib/action_dispatch/middleware/templates/rescues/_trace.html.erb (4.0ms)
  Rendered /Users/nick-scaglione/.rvm/gems/ruby-2.3.0/gems/actionpack-4.2.3/lib/action_dispatch/middleware/templates/rescues/_request_and_response.html.erb (1.0ms)
  Rendered /Users/nick-scaglione/.rvm/gems/ruby-2.3.0/gems/actionpack-4.2.3/lib/action_dispatch/middleware/templates/rescues/template_error.html.erb within rescues/layout (69.3ms)
  Rendered /Users/nick-scaglione/.rvm/gems/ruby-2.3.0/gems/web-console-2.2.1/lib/web_console/templates/_markup.html.erb (0.5ms)
  Rendered /Users/nick-scaglione/.rvm/gems/ruby-2.3.0/gems/web-console-2.2.1/lib/web_console/templates/_inner_console_markup.html.erb within layouts/inlined_string (0.4ms)
  Rendered /Users/nick-scaglione/.rvm/gems/ruby-2.3.0/gems/web-console-2.2.1/lib/web_console/templates/_prompt_box_markup.html.erb within layouts/inlined_string (0.3ms)
  Rendered /Users/nick-scaglione/.rvm/gems/ruby-2.3.0/gems/web-console-2.2.1/lib/web_console/templates/style.css.erb within layouts/inlined_string (0.5ms)
  Rendered /Users/nick-scaglione/.rvm/gems/ruby-2.3.0/gems/web-console-2.2.1/lib/web_console/templates/console.js.erb within layouts/javascript (49.1ms)
  Rendered /Users/nick-scaglione/.rvm/gems/ruby-2.3.0/gems/web-console-2.2.1/lib/web_console/templates/main.js.erb within layouts/javascript (0.3ms)
  Rendered /Users/nick-scaglione/.rvm/gems/ruby-2.3.0/gems/web-console-2.2.1/lib/web_console/templates/error_page.js.erb within layouts/javascript (0.6ms)
  Rendered /Users/nick-scaglione/.rvm/gems/ruby-2.3.0/gems/web-console-2.2.1/lib/web_console/templates/index.html.erb (108.3ms)


Started GET "/students/1/edit" for ::1 at 2016-10-23 19:01:08 -0400
Processing by StudentsController#edit as HTML
  Parameters: {"id"=>"1"}
  [1m[35mStudent Load (0.1ms)[0m  SELECT  "students".* FROM "students" WHERE "students"."id" = ? LIMIT 1  [["id", 1]]
  Rendered students/edit.html.erb within layouts/application (11.5ms)
Completed 500 Internal Server Error in 18ms (ActiveRecord: 0.1ms)

ActionView::Template::Error (undefined method `first_name]' for #<Student:0x007fdcc0ac34c0>
Did you mean?  first_name
               first_name=
               first_name?):
    1: <%= form_for(@student) do |f| %>
    2:   <%= f.text_field :"first_name]" %>
    3:   <%= f.text_field :"last_name]" %>
    4: 
    5:   <%= f.submit "Update Student" %>
  app/views/students/edit.html.erb:2:in `block in _app_views_students_edit_html_erb___4163304006275534541_70293014854200'
  app/views/students/edit.html.erb:1:in `_app_views_students_edit_html_erb___4163304006275534541_70293014854200'


  Rendered /Users/nick-scaglione/.rvm/gems/ruby-2.3.0/gems/actionpack-4.2.3/lib/action_dispatch/middleware/templates/rescues/_source.erb (14.2ms)
  Rendered /Users/nick-scaglione/.rvm/gems/ruby-2.3.0/gems/actionpack-4.2.3/lib/action_dispatch/middleware/templates/rescues/_trace.html.erb (3.8ms)
  Rendered /Users/nick-scaglione/.rvm/gems/ruby-2.3.0/gems/actionpack-4.2.3/lib/action_dispatch/middleware/templates/rescues/_request_and_response.html.erb (1.4ms)
  Rendered /Users/nick-scaglione/.rvm/gems/ruby-2.3.0/gems/actionpack-4.2.3/lib/action_dispatch/middleware/templates/rescues/template_error.html.erb within rescues/layout (69.8ms)
  Rendered /Users/nick-scaglione/.rvm/gems/ruby-2.3.0/gems/web-console-2.2.1/lib/web_console/templates/_markup.html.erb (0.5ms)
  Rendered /Users/nick-scaglione/.rvm/gems/ruby-2.3.0/gems/web-console-2.2.1/lib/web_console/templates/_inner_console_markup.html.erb within layouts/inlined_string (0.6ms)
  Rendered /Users/nick-scaglione/.rvm/gems/ruby-2.3.0/gems/web-console-2.2.1/lib/web_console/templates/_prompt_box_markup.html.erb within layouts/inlined_string (0.7ms)
  Rendered /Users/nick-scaglione/.rvm/gems/ruby-2.3.0/gems/web-console-2.2.1/lib/web_console/templates/style.css.erb within layouts/inlined_string (0.3ms)
  Rendered /Users/nick-scaglione/.rvm/gems/ruby-2.3.0/gems/web-console-2.2.1/lib/web_console/templates/console.js.erb within layouts/javascript (50.3ms)
  Rendered /Users/nick-scaglione/.rvm/gems/ruby-2.3.0/gems/web-console-2.2.1/lib/web_console/templates/main.js.erb within layouts/javascript (0.9ms)
  Rendered /Users/nick-scaglione/.rvm/gems/ruby-2.3.0/gems/web-console-2.2.1/lib/web_console/templates/error_page.js.erb within layouts/javascript (1.1ms)
  Rendered /Users/nick-scaglione/.rvm/gems/ruby-2.3.0/gems/web-console-2.2.1/lib/web_console/templates/index.html.erb (109.7ms)


Started GET "/students/1/edit" for ::1 at 2016-10-23 19:01:10 -0400
Processing by StudentsController#edit as HTML
  Parameters: {"id"=>"1"}
  [1m[36mStudent Load (0.1ms)[0m  [1mSELECT  "students".* FROM "students" WHERE "students"."id" = ? LIMIT 1[0m  [["id", 1]]
  Rendered students/edit.html.erb within layouts/application (11.8ms)
Completed 500 Internal Server Error in 19ms (ActiveRecord: 0.1ms)

ActionView::Template::Error (undefined method `first_name]' for #<Student:0x007fdcbdc80810>
Did you mean?  first_name
               first_name=
               first_name?):
    1: <%= form_for(@student) do |f| %>
    2:   <%= f.text_field :"first_name]" %>
    3:   <%= f.text_field :"last_name]" %>
    4: 
    5:   <%= f.submit "Update Student" %>
  app/views/students/edit.html.erb:2:in `block in _app_views_students_edit_html_erb___4163304006275534541_70293014854200'
  app/views/students/edit.html.erb:1:in `_app_views_students_edit_html_erb___4163304006275534541_70293014854200'


  Rendered /Users/nick-scaglione/.rvm/gems/ruby-2.3.0/gems/actionpack-4.2.3/lib/action_dispatch/middleware/templates/rescues/_source.erb (6.6ms)
  Rendered /Users/nick-scaglione/.rvm/gems/ruby-2.3.0/gems/actionpack-4.2.3/lib/action_dispatch/middleware/templates/rescues/_trace.html.erb (4.0ms)
  Rendered /Users/nick-scaglione/.rvm/gems/ruby-2.3.0/gems/actionpack-4.2.3/lib/action_dispatch/middleware/templates/rescues/_request_and_response.html.erb (1.0ms)
  Rendered /Users/nick-scaglione/.rvm/gems/ruby-2.3.0/gems/actionpack-4.2.3/lib/action_dispatch/middleware/templates/rescues/template_error.html.erb within rescues/layout (60.9ms)
  Rendered /Users/nick-scaglione/.rvm/gems/ruby-2.3.0/gems/web-console-2.2.1/lib/web_console/templates/_markup.html.erb (0.4ms)
  Rendered /Users/nick-scaglione/.rvm/gems/ruby-2.3.0/gems/web-console-2.2.1/lib/web_console/templates/_inner_console_markup.html.erb within layouts/inlined_string (0.4ms)
  Rendered /Users/nick-scaglione/.rvm/gems/ruby-2.3.0/gems/web-console-2.2.1/lib/web_console/templates/_prompt_box_markup.html.erb within layouts/inlined_string (0.4ms)
  Rendered /Users/nick-scaglione/.rvm/gems/ruby-2.3.0/gems/web-console-2.2.1/lib/web_console/templates/style.css.erb within layouts/inlined_string (0.4ms)
  Rendered /Users/nick-scaglione/.rvm/gems/ruby-2.3.0/gems/web-console-2.2.1/lib/web_console/templates/console.js.erb within layouts/javascript (49.5ms)
  Rendered /Users/nick-scaglione/.rvm/gems/ruby-2.3.0/gems/web-console-2.2.1/lib/web_console/templates/main.js.erb within layouts/javascript (0.3ms)
  Rendered /Users/nick-scaglione/.rvm/gems/ruby-2.3.0/gems/web-console-2.2.1/lib/web_console/templates/error_page.js.erb within layouts/javascript (0.5ms)
  Rendered /Users/nick-scaglione/.rvm/gems/ruby-2.3.0/gems/web-console-2.2.1/lib/web_console/templates/index.html.erb (110.3ms)


Started GET "/students/1/edit" for ::1 at 2016-10-23 19:01:21 -0400
Processing by StudentsController#edit as HTML
  Parameters: {"id"=>"1"}
  [1m[35mStudent Load (0.1ms)[0m  SELECT  "students".* FROM "students" WHERE "students"."id" = ? LIMIT 1  [["id", 1]]
  Rendered students/edit.html.erb within layouts/application (4.8ms)
Completed 200 OK in 36ms (Views: 34.6ms | ActiveRecord: 0.1ms)


Started PATCH "/students/1" for ::1 at 2016-10-23 19:01:22 -0400

AbstractController::ActionNotFound (The action 'update' could not be found for StudentsController):
  actionpack (4.2.3) lib/abstract_controller/base.rb:132:in `process'
  actionview (4.2.3) lib/action_view/rendering.rb:30:in `process'
  actionpack (4.2.3) lib/action_controller/metal.rb:196:in `dispatch'
  actionpack (4.2.3) lib/action_controller/metal/rack_delegation.rb:13:in `dispatch'
  actionpack (4.2.3) lib/action_controller/metal.rb:237:in `block in action'
  actionpack (4.2.3) lib/action_dispatch/routing/route_set.rb:76:in `dispatch'
  actionpack (4.2.3) lib/action_dispatch/routing/route_set.rb:45:in `serve'
  actionpack (4.2.3) lib/action_dispatch/journey/router.rb:43:in `block in serve'
  actionpack (4.2.3) lib/action_dispatch/journey/router.rb:30:in `each'
  actionpack (4.2.3) lib/action_dispatch/journey/router.rb:30:in `serve'
  actionpack (4.2.3) lib/action_dispatch/routing/route_set.rb:821:in `call'
  rack (1.6.4) lib/rack/etag.rb:24:in `call'
  rack (1.6.4) lib/rack/conditionalget.rb:38:in `call'
  rack (1.6.4) lib/rack/head.rb:13:in `call'
  actionpack (4.2.3) lib/action_dispatch/middleware/params_parser.rb:27:in `call'
  actionpack (4.2.3) lib/action_dispatch/middleware/flash.rb:260:in `call'
  rack (1.6.4) lib/rack/session/abstract/id.rb:225:in `context'
  rack (1.6.4) lib/rack/session/abstract/id.rb:220:in `call'
  actionpack (4.2.3) lib/action_dispatch/middleware/cookies.rb:560:in `call'
  activerecord (4.2.3) lib/active_record/query_cache.rb:36:in `call'
  activerecord (4.2.3) lib/active_record/connection_adapters/abstract/connection_pool.rb:653:in `call'
  activerecord (4.2.3) lib/active_record/migration.rb:377:in `call'
  actionpack (4.2.3) lib/action_dispatch/middleware/callbacks.rb:29:in `block in call'
  activesupport (4.2.3) lib/active_support/callbacks.rb:84:in `run_callbacks'
  actionpack (4.2.3) lib/action_dispatch/middleware/callbacks.rb:27:in `call'
  actionpack (4.2.3) lib/action_dispatch/middleware/reloader.rb:73:in `call'
  actionpack (4.2.3) lib/action_dispatch/middleware/remote_ip.rb:78:in `call'
  actionpack (4.2.3) lib/action_dispatch/middleware/debug_exceptions.rb:17:in `call'
  web-console (2.2.1) lib/web_console/middleware.rb:39:in `call'
  actionpack (4.2.3) lib/action_dispatch/middleware/show_exceptions.rb:30:in `call'
  railties (4.2.3) lib/rails/rack/logger.rb:38:in `call_app'
  railties (4.2.3) lib/rails/rack/logger.rb:20:in `block in call'
  activesupport (4.2.3) lib/active_support/tagged_logging.rb:68:in `block in tagged'
  activesupport (4.2.3) lib/active_support/tagged_logging.rb:26:in `tagged'
  activesupport (4.2.3) lib/active_support/tagged_logging.rb:68:in `tagged'
  railties (4.2.3) lib/rails/rack/logger.rb:20:in `call'
  actionpack (4.2.3) lib/action_dispatch/middleware/request_id.rb:21:in `call'
  rack (1.6.4) lib/rack/methodoverride.rb:22:in `call'
  rack (1.6.4) lib/rack/runtime.rb:18:in `call'
  activesupport (4.2.3) lib/active_support/cache/strategy/local_cache_middleware.rb:28:in `call'
  rack (1.6.4) lib/rack/lock.rb:17:in `call'
  actionpack (4.2.3) lib/action_dispatch/middleware/static.rb:116:in `call'
  rack (1.6.4) lib/rack/sendfile.rb:113:in `call'
  railties (4.2.3) lib/rails/engine.rb:518:in `call'
  railties (4.2.3) lib/rails/application.rb:165:in `call'
  rack (1.6.4) lib/rack/lock.rb:17:in `call'
  rack (1.6.4) lib/rack/content_length.rb:15:in `call'
  rack (1.6.4) lib/rack/handler/webrick.rb:88:in `service'
  /Users/nick-scaglione/.rvm/rubies/ruby-2.3.0/lib/ruby/2.3.0/webrick/httpserver.rb:140:in `service'
  /Users/nick-scaglione/.rvm/rubies/ruby-2.3.0/lib/ruby/2.3.0/webrick/httpserver.rb:96:in `run'
  /Users/nick-scaglione/.rvm/rubies/ruby-2.3.0/lib/ruby/2.3.0/webrick/server.rb:296:in `block in start_thread'


  Rendered /Users/nick-scaglione/.rvm/gems/ruby-2.3.0/gems/actionpack-4.2.3/lib/action_dispatch/middleware/templates/rescues/unknown_action.html.erb within rescues/layout (0.4ms)
  Rendered /Users/nick-scaglione/.rvm/gems/ruby-2.3.0/gems/web-console-2.2.1/lib/web_console/templates/_markup.html.erb (0.8ms)
  Rendered /Users/nick-scaglione/.rvm/gems/ruby-2.3.0/gems/web-console-2.2.1/lib/web_console/templates/_inner_console_markup.html.erb within layouts/inlined_string (0.6ms)
  Rendered /Users/nick-scaglione/.rvm/gems/ruby-2.3.0/gems/web-console-2.2.1/lib/web_console/templates/_prompt_box_markup.html.erb within layouts/inlined_string (0.4ms)
  Rendered /Users/nick-scaglione/.rvm/gems/ruby-2.3.0/gems/web-console-2.2.1/lib/web_console/templates/style.css.erb within layouts/inlined_string (0.4ms)
  Rendered /Users/nick-scaglione/.rvm/gems/ruby-2.3.0/gems/web-console-2.2.1/lib/web_console/templates/console.js.erb within layouts/javascript (51.1ms)
  Rendered /Users/nick-scaglione/.rvm/gems/ruby-2.3.0/gems/web-console-2.2.1/lib/web_console/templates/main.js.erb within layouts/javascript (0.3ms)
  Rendered /Users/nick-scaglione/.rvm/gems/ruby-2.3.0/gems/web-console-2.2.1/lib/web_console/templates/error_page.js.erb within layouts/javascript (0.4ms)
  Rendered /Users/nick-scaglione/.rvm/gems/ruby-2.3.0/gems/web-console-2.2.1/lib/web_console/templates/index.html.erb (109.7ms)


Started PATCH "/students/1" for ::1 at 2016-10-23 19:02:02 -0400
Processing by StudentsController#update as HTML
  Parameters: {"utf8"=>"✓", "authenticity_token"=>"UEmwsKz41/oam+8Ur2UDiIpCSdAVAl8I5+VExo4PmS4EEUSPoUPXpC9/VNJJveLuplO8VWhU3qs55m4UOp6Ukw==", "student"=>{"first_name"=>"bob", "last_name"=>"bob"}, "commit"=>"Update Student", "id"=>"1"}
  [1m[36mStudent Load (0.1ms)[0m  [1mSELECT  "students".* FROM "students" WHERE "students"."id" = ? LIMIT 1[0m  [["id", 1]]
  [1m[35m (0.1ms)[0m  begin transaction
  [1m[36mSQL (0.4ms)[0m  [1mUPDATE "students" SET "first_name" = ?, "last_name" = ?, "updated_at" = ? WHERE "students"."id" = ?[0m  [["first_name", nil], ["last_name", nil], ["updated_at", "2016-10-23 23:02:02.215242"], ["id", 1]]
  [1m[35m (2.6ms)[0m  commit transaction
Redirected to http://localhost:3000/students/1
Completed 302 Found in 12ms (ActiveRecord: 3.6ms)


Started GET "/students/1" for ::1 at 2016-10-23 19:02:02 -0400
Processing by StudentsController#show as HTML
  Parameters: {"id"=>"1"}
  [1m[36mStudent Load (0.1ms)[0m  [1mSELECT  "students".* FROM "students" WHERE "students"."id" = ? LIMIT 1[0m  [["id", 1]]
  Rendered students/show.html.erb within layouts/application (3.8ms)
Completed 500 Internal Server Error in 11ms (ActiveRecord: 0.1ms)

ActionView::Template::Error (undefined method `+' for nil:NilClass):
    1: <p><%= @student.to_s %>
    2: </p>
  app/models/student.rb:3:in `to_s'
  app/views/students/show.html.erb:1:in `_app_views_students_show_html_erb__1911116588482568381_70293014144100'


  Rendered /Users/nick-scaglione/.rvm/gems/ruby-2.3.0/gems/actionpack-4.2.3/lib/action_dispatch/middleware/templates/rescues/_source.erb (5.6ms)
  Rendered /Users/nick-scaglione/.rvm/gems/ruby-2.3.0/gems/actionpack-4.2.3/lib/action_dispatch/middleware/templates/rescues/_trace.html.erb (2.8ms)
  Rendered /Users/nick-scaglione/.rvm/gems/ruby-2.3.0/gems/actionpack-4.2.3/lib/action_dispatch/middleware/templates/rescues/_request_and_response.html.erb (0.9ms)
  Rendered /Users/nick-scaglione/.rvm/gems/ruby-2.3.0/gems/actionpack-4.2.3/lib/action_dispatch/middleware/templates/rescues/template_error.html.erb within rescues/layout (55.3ms)
  Rendered /Users/nick-scaglione/.rvm/gems/ruby-2.3.0/gems/web-console-2.2.1/lib/web_console/templates/_markup.html.erb (0.4ms)
  Rendered /Users/nick-scaglione/.rvm/gems/ruby-2.3.0/gems/web-console-2.2.1/lib/web_console/templates/_inner_console_markup.html.erb within layouts/inlined_string (0.5ms)
  Rendered /Users/nick-scaglione/.rvm/gems/ruby-2.3.0/gems/web-console-2.2.1/lib/web_console/templates/_prompt_box_markup.html.erb within layouts/inlined_string (0.4ms)
  Rendered /Users/nick-scaglione/.rvm/gems/ruby-2.3.0/gems/web-console-2.2.1/lib/web_console/templates/style.css.erb within layouts/inlined_string (0.6ms)
  Rendered /Users/nick-scaglione/.rvm/gems/ruby-2.3.0/gems/web-console-2.2.1/lib/web_console/templates/console.js.erb within layouts/javascript (48.1ms)
  Rendered /Users/nick-scaglione/.rvm/gems/ruby-2.3.0/gems/web-console-2.2.1/lib/web_console/templates/main.js.erb within layouts/javascript (0.3ms)
  Rendered /Users/nick-scaglione/.rvm/gems/ruby-2.3.0/gems/web-console-2.2.1/lib/web_console/templates/error_page.js.erb within layouts/javascript (0.4ms)
  Rendered /Users/nick-scaglione/.rvm/gems/ruby-2.3.0/gems/web-console-2.2.1/lib/web_console/templates/index.html.erb (106.7ms)


Started GET "/students/1" for ::1 at 2016-10-23 19:02:16 -0400
Processing by StudentsController#show as HTML
  Parameters: {"id"=>"1"}
  [1m[35mStudent Load (0.1ms)[0m  SELECT  "students".* FROM "students" WHERE "students"."id" = ? LIMIT 1  [["id", 1]]
  Rendered students/show.html.erb within layouts/application (3.1ms)
Completed 500 Internal Server Error in 14ms (ActiveRecord: 0.5ms)

ActionView::Template::Error (undefined method `+' for nil:NilClass):
    1: <p><%= @student.to_s %>
    2: </p>
  app/models/student.rb:3:in `to_s'
  app/views/students/show.html.erb:1:in `_app_views_students_show_html_erb__1911116588482568381_70293014144100'


  Rendered /Users/nick-scaglione/.rvm/gems/ruby-2.3.0/gems/actionpack-4.2.3/lib/action_dispatch/middleware/templates/rescues/_source.erb (5.8ms)
  Rendered /Users/nick-scaglione/.rvm/gems/ruby-2.3.0/gems/actionpack-4.2.3/lib/action_dispatch/middleware/templates/rescues/_trace.html.erb (3.1ms)
  Rendered /Users/nick-scaglione/.rvm/gems/ruby-2.3.0/gems/actionpack-4.2.3/lib/action_dispatch/middleware/templates/rescues/_request_and_response.html.erb (1.1ms)
  Rendered /Users/nick-scaglione/.rvm/gems/ruby-2.3.0/gems/actionpack-4.2.3/lib/action_dispatch/middleware/templates/rescues/template_error.html.erb within rescues/layout (58.9ms)
  Rendered /Users/nick-scaglione/.rvm/gems/ruby-2.3.0/gems/web-console-2.2.1/lib/web_console/templates/_markup.html.erb (0.8ms)
  Rendered /Users/nick-scaglione/.rvm/gems/ruby-2.3.0/gems/web-console-2.2.1/lib/web_console/templates/_inner_console_markup.html.erb within layouts/inlined_string (0.4ms)
  Rendered /Users/nick-scaglione/.rvm/gems/ruby-2.3.0/gems/web-console-2.2.1/lib/web_console/templates/_prompt_box_markup.html.erb within layouts/inlined_string (0.4ms)
  Rendered /Users/nick-scaglione/.rvm/gems/ruby-2.3.0/gems/web-console-2.2.1/lib/web_console/templates/style.css.erb within layouts/inlined_string (0.4ms)
  Rendered /Users/nick-scaglione/.rvm/gems/ruby-2.3.0/gems/web-console-2.2.1/lib/web_console/templates/console.js.erb within layouts/javascript (51.4ms)
  Rendered /Users/nick-scaglione/.rvm/gems/ruby-2.3.0/gems/web-console-2.2.1/lib/web_console/templates/main.js.erb within layouts/javascript (0.3ms)
  Rendered /Users/nick-scaglione/.rvm/gems/ruby-2.3.0/gems/web-console-2.2.1/lib/web_console/templates/error_page.js.erb within layouts/javascript (0.4ms)
  Rendered /Users/nick-scaglione/.rvm/gems/ruby-2.3.0/gems/web-console-2.2.1/lib/web_console/templates/index.html.erb (109.3ms)


Started GET "/students/1" for ::1 at 2016-10-23 19:02:22 -0400
Processing by StudentsController#show as HTML
  Parameters: {"id"=>"1"}
  [1m[36mStudent Load (0.1ms)[0m  [1mSELECT  "students".* FROM "students" WHERE "students"."id" = ? LIMIT 1[0m  [["id", 1]]
  Rendered students/show.html.erb within layouts/application (2.9ms)
Completed 500 Internal Server Error in 14ms (ActiveRecord: 0.5ms)

ActionView::Template::Error (undefined method `+' for nil:NilClass):
    1: <p><%= @student.to_s %>
    2: </p>
  app/models/student.rb:3:in `to_s'
  app/views/students/show.html.erb:1:in `_app_views_students_show_html_erb__1911116588482568381_70293014144100'


  Rendered /Users/nick-scaglione/.rvm/gems/ruby-2.3.0/gems/actionpack-4.2.3/lib/action_dispatch/middleware/templates/rescues/_source.erb (21.0ms)
  Rendered /Users/nick-scaglione/.rvm/gems/ruby-2.3.0/gems/actionpack-4.2.3/lib/action_dispatch/middleware/templates/rescues/_trace.html.erb (2.8ms)
  Rendered /Users/nick-scaglione/.rvm/gems/ruby-2.3.0/gems/actionpack-4.2.3/lib/action_dispatch/middleware/templates/rescues/_request_and_response.html.erb (1.5ms)
  Rendered /Users/nick-scaglione/.rvm/gems/ruby-2.3.0/gems/actionpack-4.2.3/lib/action_dispatch/middleware/templates/rescues/template_error.html.erb within rescues/layout (86.2ms)
  Rendered /Users/nick-scaglione/.rvm/gems/ruby-2.3.0/gems/web-console-2.2.1/lib/web_console/templates/_markup.html.erb (0.7ms)
  Rendered /Users/nick-scaglione/.rvm/gems/ruby-2.3.0/gems/web-console-2.2.1/lib/web_console/templates/_inner_console_markup.html.erb within layouts/inlined_string (0.4ms)
  Rendered /Users/nick-scaglione/.rvm/gems/ruby-2.3.0/gems/web-console-2.2.1/lib/web_console/templates/_prompt_box_markup.html.erb within layouts/inlined_string (0.5ms)
  Rendered /Users/nick-scaglione/.rvm/gems/ruby-2.3.0/gems/web-console-2.2.1/lib/web_console/templates/style.css.erb within layouts/inlined_string (0.4ms)
  Rendered /Users/nick-scaglione/.rvm/gems/ruby-2.3.0/gems/web-console-2.2.1/lib/web_console/templates/console.js.erb within layouts/javascript (66.4ms)
  Rendered /Users/nick-scaglione/.rvm/gems/ruby-2.3.0/gems/web-console-2.2.1/lib/web_console/templates/main.js.erb within layouts/javascript (0.4ms)
  Rendered /Users/nick-scaglione/.rvm/gems/ruby-2.3.0/gems/web-console-2.2.1/lib/web_console/templates/error_page.js.erb within layouts/javascript (0.5ms)
  Rendered /Users/nick-scaglione/.rvm/gems/ruby-2.3.0/gems/web-console-2.2.1/lib/web_console/templates/index.html.erb (139.0ms)


Started GET "/students/1" for ::1 at 2016-10-23 19:02:35 -0400
Processing by StudentsController#show as HTML
  Parameters: {"id"=>"1"}
  [1m[35mStudent Load (0.1ms)[0m  SELECT  "students".* FROM "students" WHERE "students"."id" = ? LIMIT 1  [["id", 1]]
  [1m[36mStudent Load (0.2ms)[0m  [1mSELECT "students".* FROM "students"[0m
  [1m[35mStudent Load (0.1ms)[0m  SELECT  "students".* FROM "students" WHERE "students"."id" = ? LIMIT 1  [["id", 1]]
Completed 500 Internal Server Error in 90239ms (ActiveRecord: 0.9ms)

SystemExit (exit):
  app/controllers/students_controller.rb:13:in `show'


  Rendered /Users/nick-scaglione/.rvm/gems/ruby-2.3.0/gems/actionpack-4.2.3/lib/action_dispatch/middleware/templates/rescues/_source.erb (121.8ms)
  Rendered /Users/nick-scaglione/.rvm/gems/ruby-2.3.0/gems/actionpack-4.2.3/lib/action_dispatch/middleware/templates/rescues/_trace.html.erb (33.6ms)
  Rendered /Users/nick-scaglione/.rvm/gems/ruby-2.3.0/gems/actionpack-4.2.3/lib/action_dispatch/middleware/templates/rescues/_request_and_response.html.erb (3.9ms)
  Rendered /Users/nick-scaglione/.rvm/gems/ruby-2.3.0/gems/actionpack-4.2.3/lib/action_dispatch/middleware/templates/rescues/diagnostics.html.erb within rescues/layout (213.4ms)
  Rendered /Users/nick-scaglione/.rvm/gems/ruby-2.3.0/gems/web-console-2.2.1/lib/web_console/templates/_markup.html.erb (1.4ms)
  Rendered /Users/nick-scaglione/.rvm/gems/ruby-2.3.0/gems/web-console-2.2.1/lib/web_console/templates/_inner_console_markup.html.erb within layouts/inlined_string (1.3ms)
  Rendered /Users/nick-scaglione/.rvm/gems/ruby-2.3.0/gems/web-console-2.2.1/lib/web_console/templates/_prompt_box_markup.html.erb within layouts/inlined_string (1.0ms)
  Rendered /Users/nick-scaglione/.rvm/gems/ruby-2.3.0/gems/web-console-2.2.1/lib/web_console/templates/style.css.erb within layouts/inlined_string (1.1ms)
  Rendered /Users/nick-scaglione/.rvm/gems/ruby-2.3.0/gems/web-console-2.2.1/lib/web_console/templates/console.js.erb within layouts/javascript (70.1ms)
  Rendered /Users/nick-scaglione/.rvm/gems/ruby-2.3.0/gems/web-console-2.2.1/lib/web_console/templates/main.js.erb within layouts/javascript (1.8ms)
  Rendered /Users/nick-scaglione/.rvm/gems/ruby-2.3.0/gems/web-console-2.2.1/lib/web_console/templates/error_page.js.erb within layouts/javascript (1.2ms)
  Rendered /Users/nick-scaglione/.rvm/gems/ruby-2.3.0/gems/web-console-2.2.1/lib/web_console/templates/index.html.erb (140.7ms)


Started GET "/students/1" for ::1 at 2016-10-23 19:04:09 -0400
Processing by StudentsController#show as HTML
  Parameters: {"id"=>"1"}
  [1m[36mStudent Load (0.1ms)[0m  [1mSELECT  "students".* FROM "students" WHERE "students"."id" = ? LIMIT 1[0m  [["id", 1]]
  Rendered students/show.html.erb within layouts/application (4.1ms)
Completed 500 Internal Server Error in 5586ms (ActiveRecord: 0.1ms)

ActionView::Template::Error (undefined method `+' for nil:NilClass):
    1: <p><%= @student.to_s %>
    2: </p>
  app/models/student.rb:3:in `to_s'
  app/views/students/show.html.erb:1:in `_app_views_students_show_html_erb__1911116588482568381_70293014144100'


  Rendered /Users/nick-scaglione/.rvm/gems/ruby-2.3.0/gems/actionpack-4.2.3/lib/action_dispatch/middleware/templates/rescues/_source.erb (5.2ms)
  Rendered /Users/nick-scaglione/.rvm/gems/ruby-2.3.0/gems/actionpack-4.2.3/lib/action_dispatch/middleware/templates/rescues/_trace.html.erb (2.3ms)
  Rendered /Users/nick-scaglione/.rvm/gems/ruby-2.3.0/gems/actionpack-4.2.3/lib/action_dispatch/middleware/templates/rescues/_request_and_response.html.erb (0.9ms)
  Rendered /Users/nick-scaglione/.rvm/gems/ruby-2.3.0/gems/actionpack-4.2.3/lib/action_dispatch/middleware/templates/rescues/template_error.html.erb within rescues/layout (53.7ms)
  Rendered /Users/nick-scaglione/.rvm/gems/ruby-2.3.0/gems/web-console-2.2.1/lib/web_console/templates/_markup.html.erb (0.6ms)
  Rendered /Users/nick-scaglione/.rvm/gems/ruby-2.3.0/gems/web-console-2.2.1/lib/web_console/templates/_inner_console_markup.html.erb within layouts/inlined_string (0.4ms)
  Rendered /Users/nick-scaglione/.rvm/gems/ruby-2.3.0/gems/web-console-2.2.1/lib/web_console/templates/_prompt_box_markup.html.erb within layouts/inlined_string (0.3ms)
  Rendered /Users/nick-scaglione/.rvm/gems/ruby-2.3.0/gems/web-console-2.2.1/lib/web_console/templates/style.css.erb within layouts/inlined_string (0.4ms)
  Rendered /Users/nick-scaglione/.rvm/gems/ruby-2.3.0/gems/web-console-2.2.1/lib/web_console/templates/console.js.erb within layouts/javascript (49.4ms)
  Rendered /Users/nick-scaglione/.rvm/gems/ruby-2.3.0/gems/web-console-2.2.1/lib/web_console/templates/main.js.erb within layouts/javascript (0.3ms)
  Rendered /Users/nick-scaglione/.rvm/gems/ruby-2.3.0/gems/web-console-2.2.1/lib/web_console/templates/error_page.js.erb within layouts/javascript (0.6ms)
  Rendered /Users/nick-scaglione/.rvm/gems/ruby-2.3.0/gems/web-console-2.2.1/lib/web_console/templates/index.html.erb (105.6ms)
  [1m[36mStudent Load (1.8ms)[0m  [1mSELECT "students".* FROM "students"[0m
  [1m[35m (0.2ms)[0m  begin transaction
  [1m[36mSQL (0.5ms)[0m  [1mDELETE FROM "students" WHERE "students"."id" = ?[0m  [["id", 1]]
  [1m[35m (2.6ms)[0m  commit transaction
  [1m[36mSchoolClass Load (0.2ms)[0m  [1mSELECT "school_classes".* FROM "school_classes"[0m
